<?xml version="1.0" encoding="UTF-8"?>
<!-- Generated by org.testng.reporters.JUnitReportReporter -->
<testsuite skipped="0" hostname="HDC2-D-CLCPXJ2" name="MyDemo2.MyDemo2.localExcel" tests="1" failures="0" timestamp="23 Oct 2019 09:18:03 GMT" time="0.695" errors="0">
  <testcase name="f" time="0.695" classname="MyDemo2.MyDemo2.localExcel"/>
</testsuite> <!-- MyDemo2.MyDemo2.localExcel -->
