<?xml version="1.0" encoding="UTF-8"?>
<!-- Generated by org.testng.reporters.JUnitReportReporter -->
<testsuite skipped="0" hostname="HDC2-D-CLCPXJ2" name="MyDemo2.MyDemo2.Winodws" tests="1" failures="0" timestamp="21 Oct 2019 12:16:38 GMT" time="26.769" errors="0">
  <testcase name="f" time="26.769" classname="MyDemo2.MyDemo2.Winodws"/>
</testsuite> <!-- MyDemo2.MyDemo2.Winodws -->
