<?xml version="1.0" encoding="UTF-8"?>
<!-- Generated by org.testng.reporters.JUnitReportReporter -->
<testsuite skipped="0" hostname="HDC2-D-CLCPXJ2" name="MyDemo2.MyDemo2.NewTest" tests="1" failures="0" timestamp="21 Oct 2019 07:15:08 GMT" time="41.284" errors="0">
  <testcase name="f" time="41.284" classname="MyDemo2.MyDemo2.NewTest"/>
</testsuite> <!-- MyDemo2.MyDemo2.NewTest -->
