<?xml version="1.0" encoding="UTF-8"?>
<!-- Generated by org.testng.reporters.JUnitReportReporter -->
<testsuite skipped="0" hostname="HDC2-D-CLCPXJ2" name="MyDemo2.MyDemo2.DemoActions" tests="2" failures="0" timestamp="22 Oct 2019 05:11:18 GMT" time="41.533" errors="0">
  <testcase name="f" time="20.343" classname="MyDemo2.MyDemo2.DemoActions"/>
  <testcase name="g" time="21.190" classname="MyDemo2.MyDemo2.DemoActions"/>
</testsuite> <!-- MyDemo2.MyDemo2.DemoActions -->
