<?xml version="1.0" encoding="UTF-8"?>
<!-- Generated by org.testng.reporters.JUnitReportReporter -->
<testsuite skipped="0" hostname="HDC2-D-CLCPXJ2" name="MyDemo2.MyDemo2.NewTest2" tests="1" failures="0" timestamp="18 Oct 2019 11:21:50 GMT" time="13.216" errors="0">
  <testcase name="f" time="13.216" classname="MyDemo2.MyDemo2.NewTest2"/>
</testsuite> <!-- MyDemo2.MyDemo2.NewTest2 -->
