<?xml version="1.0" encoding="UTF-8"?>
<!-- Generated by org.testng.reporters.JUnitReportReporter -->
<testsuite skipped="0" hostname="HDC2-D-CLCPXJ2" name="MyDemo2.MyDemo2.NewTest4" tests="2" failures="0" timestamp="18 Oct 2019 12:20:46 GMT" time="29.425" errors="0">
  <testcase name="f" time="13.894" classname="MyDemo2.MyDemo2.NewTest4"/>
  <testcase name="f" time="15.531" classname="MyDemo2.MyDemo2.NewTest4"/>
</testsuite> <!-- MyDemo2.MyDemo2.NewTest4 -->
